<?xml version="1.0" encoding="UTF-8"?>
<!-- Generated by org.testng.reporters.JUnitReportReporter -->
<testsuite hostname="DESKTOP-QLCOG3E" name="com.infi.orange.login.Orange" tests="1" failures="0" timestamp="9 Jun 2020 08:01:49 GMT" time="8.097" errors="0">
  <testcase name="Verifylogin" time="8.097" classname="com.infi.orange.login.Orange"/>
</testsuite> <!-- com.infi.orange.login.Orange -->
