<?xml version="1.0" encoding="UTF-8"?>
<!-- Generated by org.testng.reporters.JUnitReportReporter -->
<testsuite hostname="DESKTOP-QLCOG3E" name="com.infi.orange.login.Orange" tests="1" failures="0" timestamp="9 Jun 2020 07:36:50 GMT" time="6.895" errors="0">
  <testcase name="Verifylogin" time="6.895" classname="com.infi.orange.login.Orange"/>
</testsuite> <!-- com.infi.orange.login.Orange -->
